{"level":"info","message":"API STARTED AT PORT 4040","timestamp":"2023-01-16T16:03:23.926Z"}
{"level":"info","message":"DB: [pila] connected with succes !","timestamp":"2023-01-16T16:03:24.963Z"}
{"level":"info","message":"API STARTED AT PORT 4040","timestamp":"2023-01-16T16:05:23.479Z"}
{"level":"info","message":"DB: [pila] connected with succes !","timestamp":"2023-01-16T16:05:24.518Z"}
{"level":"info","message":"API STARTED AT PORT 4040","timestamp":"2023-01-16T16:05:53.880Z"}
{"level":"info","message":"API STARTED AT PORT 4040","timestamp":"2023-01-16T16:06:06.927Z"}
{"level":"info","message":"DB: [pila] connected with succes !","timestamp":"2023-01-16T16:06:07.971Z"}
{"level":"info","message":"API STARTED AT PORT 4040","timestamp":"2023-01-16T16:36:12.156Z"}
{"level":"info","message":"DB: [pila] connected with succes !","timestamp":"2023-01-16T16:36:13.208Z"}
{"level":"info","message":"API STARTED AT PORT 4040","timestamp":"2023-01-16T16:36:36.854Z"}
{"level":"info","message":"DB: [pila] connected with succes !","timestamp":"2023-01-16T16:36:37.843Z"}
{"level":"info","message":"API STARTED AT PORT 4040","timestamp":"2023-01-16T16:37:54.139Z"}
{"level":"info","message":"DB: [pila] connected with succes !","timestamp":"2023-01-16T16:37:59.237Z"}
{"level":"info","message":"API STARTED AT PORT 4040","timestamp":"2023-01-16T16:39:01.896Z"}
{"level":"info","message":"DB: [pila] connected with succes !","timestamp":"2023-01-16T16:39:02.916Z"}
{"level":"info","message":"API STARTED AT PORT 4040","timestamp":"2023-01-16T17:06:28.342Z"}
{"level":"info","message":"DB: [pila] connected with succes !","timestamp":"2023-01-16T17:06:29.342Z"}
{"level":"info","message":"API STARTED AT PORT 4040","timestamp":"2023-01-16T17:09:18.383Z"}
{"level":"info","message":"DB: [pila] connected with succes !","timestamp":"2023-01-16T17:09:19.380Z"}
{"level":"info","message":"API STARTED AT PORT 4040","timestamp":"2023-01-16T17:09:28.383Z"}
{"level":"info","message":"DB: [pila] connected with succes !","timestamp":"2023-01-16T17:09:29.372Z"}
{"level":"info","message":"API STARTED AT PORT 4040","timestamp":"2023-01-16T17:09:36.017Z"}
{"level":"info","message":"DB: [pila] connected with succes !","timestamp":"2023-01-16T17:09:37.021Z"}
{"level":"info","message":"API STARTED AT PORT 4040","timestamp":"2023-01-16T17:09:56.149Z"}
{"level":"info","message":"DB: [pila] connected with succes !","timestamp":"2023-01-16T17:09:57.171Z"}
{"level":"info","message":"API STARTED AT PORT 4040","timestamp":"2023-01-16T17:11:13.762Z"}
{"level":"info","message":"DB: [pila] connected with succes !","timestamp":"2023-01-16T17:11:14.792Z"}
{"level":"info","message":"API STARTED AT PORT 4040","timestamp":"2023-01-16T17:11:37.257Z"}
{"level":"info","message":"DB: [pila] connected with succes !","timestamp":"2023-01-16T17:11:38.264Z"}
{"level":"info","message":"API STARTED AT PORT 4040","timestamp":"2023-01-16T17:11:50.319Z"}
{"level":"info","message":"API STARTED AT PORT 4040","timestamp":"2023-01-16T17:11:55.240Z"}
{"level":"info","message":"DB: [pila] connected with succes !","timestamp":"2023-01-16T17:11:56.208Z"}
{"level":"info","message":"API STARTED AT PORT 4040","timestamp":"2023-01-16T17:12:08.927Z"}
{"level":"info","message":"DB: [pila] connected with succes !","timestamp":"2023-01-16T17:12:15.124Z"}
{"level":"info","message":"API STARTED AT PORT 4040","timestamp":"2023-01-16T17:12:24.628Z"}
{"level":"info","message":"DB: [pila] connected with succes !","timestamp":"2023-01-16T17:12:25.579Z"}
{"level":"info","message":"API STARTED AT PORT 4040","timestamp":"2023-01-16T17:12:36.379Z"}
{"level":"info","message":"DB: [pila] connected with succes !","timestamp":"2023-01-16T17:12:37.371Z"}
{"level":"info","message":"API STARTED AT PORT 4040","timestamp":"2023-01-16T17:15:22.175Z"}
{"level":"info","message":"DB: [pila] connected with succes !","timestamp":"2023-01-16T17:15:23.246Z"}
{"level":"info","message":"API STARTED AT PORT 4040","timestamp":"2023-01-16T17:15:36.207Z"}
{"level":"info","message":"DB: [pila] connected with succes !","timestamp":"2023-01-16T17:15:37.215Z"}
{"level":"info","message":"API STARTED AT PORT 4040","timestamp":"2023-01-16T17:15:47.187Z"}
{"level":"info","message":"API STARTED AT PORT 4040","timestamp":"2023-01-17T13:15:29.253Z"}
{"level":"info","message":"DB: [pila] connected with succes !","timestamp":"2023-01-17T13:15:30.405Z"}
{"level":"info","message":"API STARTED AT PORT 4040","timestamp":"2023-01-17T13:15:59.217Z"}
{"level":"info","message":"DB: [pila] connected with succes !","timestamp":"2023-01-17T13:16:00.187Z"}
{"level":"info","message":"API STARTED AT PORT 4040","timestamp":"2023-01-17T13:16:07.503Z"}
{"level":"info","message":"DB: [pila] connected with succes !","timestamp":"2023-01-17T13:16:08.515Z"}
{"level":"info","message":"API STARTED AT PORT 4040","timestamp":"2023-01-17T13:18:34.786Z"}
{"level":"info","message":"DB: [pila] connected with succes !","timestamp":"2023-01-17T13:18:35.856Z"}
{"level":"info","message":"API STARTED AT PORT 4040","timestamp":"2023-01-17T13:18:41.520Z"}
{"level":"info","message":"DB: [pila] connected with succes !","timestamp":"2023-01-17T13:18:42.548Z"}
{"level":"info","message":"API STARTED AT PORT 4040","timestamp":"2023-01-17T13:23:11.713Z"}
{"level":"info","message":"DB: [pila] connected with succes !","timestamp":"2023-01-17T13:23:12.732Z"}
{"level":"info","message":"API STARTED AT PORT 4040","timestamp":"2023-01-17T13:23:23.165Z"}
{"level":"info","message":"DB: [pila] connected with succes !","timestamp":"2023-01-17T13:23:24.293Z"}
{"level":"info","message":"API STARTED AT PORT 4040","timestamp":"2023-01-17T13:23:38.440Z"}
{"level":"info","message":"DB: [pila] connected with succes !","timestamp":"2023-01-17T13:23:39.412Z"}
{"level":"info","message":"API STARTED AT PORT 4040","timestamp":"2023-01-17T13:28:33.294Z"}
{"level":"info","message":"DB: [pila] connected with succes !","timestamp":"2023-01-17T13:28:38.356Z"}
{"level":"info","message":"API STARTED AT PORT 4040","timestamp":"2023-01-17T13:29:16.562Z"}
{"level":"info","message":"DB: [pila] connected with succes !","timestamp":"2023-01-17T13:29:17.570Z"}
{"level":"info","message":"API STARTED AT PORT 4040","timestamp":"2023-01-17T13:31:00.783Z"}
{"level":"info","message":"DB: [pila] connected with succes !","timestamp":"2023-01-17T13:31:01.798Z"}
{"level":"info","message":"API STARTED AT PORT 4040","timestamp":"2023-01-17T13:31:06.509Z"}
{"level":"info","message":"DB: [pila] connected with succes !","timestamp":"2023-01-17T13:31:07.555Z"}
{"level":"info","message":"API STARTED AT PORT 4040","timestamp":"2023-01-17T13:34:10.848Z"}
{"level":"info","message":"DB: [pila] connected with succes !","timestamp":"2023-01-17T13:34:11.948Z"}
{"level":"info","message":"API STARTED AT PORT 4040","timestamp":"2023-01-17T13:34:28.204Z"}
{"level":"info","message":"DB: [pila] connected with succes !","timestamp":"2023-01-17T13:34:29.206Z"}
{"level":"error","timestamp":"2023-01-17T13:39:00.829Z"}
{"level":"info","message":"API STARTED AT PORT 4040","timestamp":"2023-01-17T13:39:22.222Z"}
{"level":"info","message":"DB: [pila] connected with succes !","timestamp":"2023-01-17T13:39:23.253Z"}
{"level":"error","timestamp":"2023-01-17T13:39:24.023Z"}
{"level":"info","message":"API STARTED AT PORT 4040","timestamp":"2023-01-17T13:40:31.260Z"}
{"level":"info","message":"DB: [pila] connected with succes !","timestamp":"2023-01-17T13:40:32.267Z"}
{"level":"info","message":"API STARTED AT PORT 4040","timestamp":"2023-01-17T13:41:44.177Z"}
{"level":"info","message":"DB: [pila] connected with succes !","timestamp":"2023-01-17T13:41:45.199Z"}
{"level":"info","message":"API STARTED AT PORT 4040","timestamp":"2023-01-17T13:42:51.545Z"}
{"level":"info","message":"DB: [pila] connected with succes !","timestamp":"2023-01-17T13:42:52.518Z"}
{"level":"info","message":"API STARTED AT PORT 4040","timestamp":"2023-01-17T13:42:57.145Z"}
{"level":"info","message":"DB: [pila] connected with succes !","timestamp":"2023-01-17T13:42:58.196Z"}
{"level":"info","message":"API STARTED AT PORT 4040","timestamp":"2023-01-17T13:45:35.874Z"}
{"level":"info","message":"DB: [pila] connected with succes !","timestamp":"2023-01-17T13:45:36.881Z"}
{"level":"info","message":"API STARTED AT PORT 4040","timestamp":"2023-01-17T13:45:41.495Z"}
{"level":"info","message":"DB: [pila] connected with succes !","timestamp":"2023-01-17T13:45:42.485Z"}
{"level":"info","message":"API STARTED AT PORT 4040","timestamp":"2023-01-17T13:51:06.013Z"}
{"level":"info","message":"DB: [pila] connected with succes !","timestamp":"2023-01-17T13:51:07.043Z"}
{"level":"info","message":"API STARTED AT PORT 4040","timestamp":"2023-01-17T13:51:23.046Z"}
{"level":"info","message":"API STARTED AT PORT 4040","timestamp":"2023-01-17T13:51:27.674Z"}
{"level":"info","message":"DB: [pila] connected with succes !","timestamp":"2023-01-17T13:51:28.715Z"}
{"level":"info","message":"API STARTED AT PORT 4040","timestamp":"2023-01-17T13:52:06.297Z"}
{"level":"info","message":"DB: [pila] connected with succes !","timestamp":"2023-01-17T13:52:07.400Z"}
{"level":"info","message":"API STARTED AT PORT 4040","timestamp":"2023-01-17T13:52:57.028Z"}
{"level":"info","message":"API STARTED AT PORT 4040","timestamp":"2023-01-17T13:53:01.120Z"}
{"level":"info","message":"DB: [pila] connected with succes !","timestamp":"2023-01-17T13:53:02.189Z"}
{"level":"error","timestamp":"2023-01-17T13:53:02.734Z"}
{"level":"info","message":"API STARTED AT PORT 4040","timestamp":"2023-01-17T13:54:09.417Z"}
{"level":"info","message":"DB: [pila] connected with succes !","timestamp":"2023-01-17T13:54:10.555Z"}
{"level":"info","message":"API STARTED AT PORT 4040","timestamp":"2023-01-17T13:55:04.050Z"}
{"level":"info","message":"DB: [pila] connected with succes !","timestamp":"2023-01-17T13:55:05.048Z"}
{"level":"info","message":"API STARTED AT PORT 4040","timestamp":"2023-01-17T13:55:45.688Z"}
{"level":"info","message":"DB: [pila] connected with succes !","timestamp":"2023-01-17T13:55:46.669Z"}
{"level":"info","message":"API STARTED AT PORT 4040","timestamp":"2023-01-17T13:57:26.971Z"}
{"level":"info","message":"DB: [pila] connected with succes !","timestamp":"2023-01-17T13:57:27.982Z"}
{"level":"info","message":"API STARTED AT PORT 4040","timestamp":"2023-01-17T13:58:39.702Z"}
{"level":"info","message":"API STARTED AT PORT 4040","timestamp":"2023-01-17T13:58:44.121Z"}
{"level":"info","message":"DB: [pila] connected with succes !","timestamp":"2023-01-17T13:58:45.121Z"}
{"level":"info","message":"API STARTED AT PORT 4040","timestamp":"2023-01-17T13:58:49.729Z"}
{"level":"info","message":"DB: [pila] connected with succes !","timestamp":"2023-01-17T13:58:50.709Z"}
{"level":"info","message":"API STARTED AT PORT 4040","timestamp":"2023-01-17T13:59:13.073Z"}
{"level":"info","message":"API STARTED AT PORT 4040","timestamp":"2023-01-17T13:59:17.263Z"}
{"level":"info","message":"DB: [pila] connected with succes !","timestamp":"2023-01-17T13:59:18.252Z"}
{"level":"info","message":"API STARTED AT PORT 4040","timestamp":"2023-01-17T13:59:46.606Z"}
{"level":"info","message":"DB: [pila] connected with succes !","timestamp":"2023-01-17T13:59:47.651Z"}
{"level":"info","message":"API STARTED AT PORT 4040","timestamp":"2023-01-17T13:59:55.081Z"}
{"level":"info","message":"DB: [pila] connected with succes !","timestamp":"2023-01-17T13:59:56.205Z"}
{"level":"info","message":"API STARTED AT PORT 4040","timestamp":"2023-01-17T14:00:26.158Z"}
{"level":"info","message":"DB: [pila] connected with succes !","timestamp":"2023-01-17T14:00:27.188Z"}
{"level":"info","message":"API STARTED AT PORT 4040","timestamp":"2023-01-17T14:00:33.810Z"}
{"level":"info","message":"DB: [pila] connected with succes !","timestamp":"2023-01-17T14:00:34.815Z"}
{"level":"info","message":"API STARTED AT PORT 4040","timestamp":"2023-01-17T14:01:08.371Z"}
{"level":"info","message":"API STARTED AT PORT 4040","timestamp":"2023-01-17T14:01:13.085Z"}
{"level":"info","message":"DB: [pila] connected with succes !","timestamp":"2023-01-17T14:01:14.076Z"}
{"level":"info","message":"API STARTED AT PORT 4040","timestamp":"2023-01-17T14:01:30.683Z"}
{"level":"info","message":"DB: [pila] connected with succes !","timestamp":"2023-01-17T14:01:31.657Z"}
{"level":"info","message":"API STARTED AT PORT 4040","timestamp":"2023-01-17T14:01:48.812Z"}
{"level":"info","message":"DB: [pila] connected with succes !","timestamp":"2023-01-17T14:01:49.821Z"}
{"level":"info","message":"API STARTED AT PORT 4040","timestamp":"2023-01-17T14:03:24.056Z"}
{"level":"info","message":"DB: [pila] connected with succes !","timestamp":"2023-01-17T14:03:25.066Z"}
{"level":"info","message":"API STARTED AT PORT 4040","timestamp":"2023-01-17T14:04:09.832Z"}
{"level":"info","message":"DB: [pila] connected with succes !","timestamp":"2023-01-17T14:04:10.830Z"}
{"level":"error","timestamp":"2023-01-17T14:04:14.619Z"}
{"level":"error","timestamp":"2023-01-17T14:04:20.848Z"}
{"level":"info","message":"API STARTED AT PORT 4040","timestamp":"2023-01-17T14:04:45.192Z"}
{"level":"info","message":"DB: [pila] connected with succes !","timestamp":"2023-01-17T14:04:46.220Z"}
{"level":"error","timestamp":"2023-01-17T14:04:47.466Z"}
{"level":"info","message":"API STARTED AT PORT 4040","timestamp":"2023-01-17T14:04:54.935Z"}
{"level":"info","message":"DB: [pila] connected with succes !","timestamp":"2023-01-17T14:04:55.975Z"}
{"level":"info","message":"API STARTED AT PORT 4040","timestamp":"2023-01-17T14:08:58.243Z"}
{"level":"info","message":"DB: [pila] connected with succes !","timestamp":"2023-01-17T14:08:59.266Z"}
{"level":"info","message":"API STARTED AT PORT 4040","timestamp":"2023-01-17T14:09:15.196Z"}
{"level":"info","message":"API STARTED AT PORT 4040","timestamp":"2023-01-17T14:09:20.220Z"}
{"level":"info","message":"DB: [pila] connected with succes !","timestamp":"2023-01-17T14:09:21.219Z"}
{"level":"error","timestamp":"2023-01-17T14:09:22.592Z"}
{"level":"info","message":"API STARTED AT PORT 4040","timestamp":"2023-01-17T14:14:45.616Z"}
{"level":"info","message":"DB: [pila] connected with succes !","timestamp":"2023-01-17T14:14:46.651Z"}
{"level":"info","message":"API STARTED AT PORT 4040","timestamp":"2023-01-17T14:15:43.682Z"}
{"level":"info","message":"DB: [pila] connected with succes !","timestamp":"2023-01-17T14:15:44.707Z"}
{"level":"info","message":"API STARTED AT PORT 4040","timestamp":"2023-01-17T14:16:26.373Z"}
{"level":"info","message":"DB: [pila] connected with succes !","timestamp":"2023-01-17T14:16:27.598Z"}
{"level":"info","message":"API STARTED AT PORT 4040","timestamp":"2023-01-17T14:36:33.709Z"}
{"level":"info","message":"DB: [pila] connected with succes !","timestamp":"2023-01-17T14:36:34.739Z"}
{"level":"info","message":"API STARTED AT PORT 4040","timestamp":"2023-01-17T14:36:39.336Z"}
{"level":"info","message":"DB: [pila] connected with succes !","timestamp":"2023-01-17T14:36:40.301Z"}
{"level":"info","message":"API STARTED AT PORT 4040","timestamp":"2023-01-17T14:37:35.759Z"}
{"level":"info","message":"DB: [pila] connected with succes !","timestamp":"2023-01-17T14:37:36.781Z"}
{"level":"info","message":"API STARTED AT PORT 4040","timestamp":"2023-01-17T14:37:45.314Z"}
{"level":"info","message":"DB: [pila] connected with succes !","timestamp":"2023-01-17T14:37:46.279Z"}
{"level":"info","message":"API STARTED AT PORT 4040","timestamp":"2023-01-17T14:47:59.572Z"}
{"level":"info","message":"DB: [pila] connected with succes !","timestamp":"2023-01-17T14:48:00.654Z"}
{"level":"info","message":"API STARTED AT PORT 4040","timestamp":"2023-01-17T14:48:28.270Z"}
{"level":"info","message":"DB: [pila] connected with succes !","timestamp":"2023-01-17T14:48:29.336Z"}
{"level":"info","message":"API STARTED AT PORT 4040","timestamp":"2023-01-17T14:48:41.682Z"}
{"level":"info","message":"DB: [pila] connected with succes !","timestamp":"2023-01-17T14:48:42.694Z"}
{"level":"info","message":"API STARTED AT PORT 4040","timestamp":"2023-01-17T14:48:49.105Z"}
{"level":"info","message":"DB: [pila] connected with succes !","timestamp":"2023-01-17T14:48:50.121Z"}
{"level":"info","message":"API STARTED AT PORT 4040","timestamp":"2023-01-17T14:49:09.457Z"}
{"level":"info","message":"DB: [pila] connected with succes !","timestamp":"2023-01-17T14:49:10.474Z"}
{"level":"info","message":"API STARTED AT PORT 4040","timestamp":"2023-01-17T14:49:15.342Z"}
{"level":"info","message":"DB: [pila] connected with succes !","timestamp":"2023-01-17T14:49:16.301Z"}
{"level":"info","message":"API STARTED AT PORT 4040","timestamp":"2023-01-17T14:49:29.042Z"}
{"level":"info","message":"API STARTED AT PORT 4040","timestamp":"2023-01-17T14:49:38.061Z"}
{"level":"info","message":"DB: [pila] connected with succes !","timestamp":"2023-01-17T14:49:39.103Z"}
{"level":"info","message":"API STARTED AT PORT 4040","timestamp":"2023-01-17T14:49:46.613Z"}
{"level":"info","message":"DB: [pila] connected with succes !","timestamp":"2023-01-17T14:49:47.699Z"}
{"level":"info","message":"API STARTED AT PORT 4040","timestamp":"2023-01-17T14:49:55.856Z"}
{"level":"info","message":"DB: [pila] connected with succes !","timestamp":"2023-01-17T14:49:56.874Z"}
{"level":"info","message":"API STARTED AT PORT 4040","timestamp":"2023-01-17T14:50:32.146Z"}
{"level":"info","message":"DB: [pila] connected with succes !","timestamp":"2023-01-17T14:50:33.233Z"}
{"level":"info","message":"API STARTED AT PORT 4040","timestamp":"2023-01-17T14:50:47.893Z"}
{"level":"info","message":"API STARTED AT PORT 4040","timestamp":"2023-01-17T14:50:52.825Z"}
{"level":"info","message":"DB: [pila] connected with succes !","timestamp":"2023-01-17T14:50:53.918Z"}
{"level":"info","message":"API STARTED AT PORT 4040","timestamp":"2023-01-17T14:54:21.600Z"}
{"level":"info","message":"DB: [pila] connected with succes !","timestamp":"2023-01-17T14:54:22.594Z"}
{"level":"info","message":"API STARTED AT PORT 4040","timestamp":"2023-01-17T14:54:30.661Z"}
{"level":"info","message":"DB: [pila] connected with succes !","timestamp":"2023-01-17T14:54:31.690Z"}
{"level":"info","message":"API STARTED AT PORT 4040","timestamp":"2023-01-17T14:54:38.222Z"}
{"level":"info","message":"DB: [pila] connected with succes !","timestamp":"2023-01-17T14:54:39.250Z"}
{"level":"info","message":"API STARTED AT PORT 4040","timestamp":"2023-01-17T14:54:47.951Z"}
{"level":"info","message":"DB: [pila] connected with succes !","timestamp":"2023-01-17T14:54:49.121Z"}
{"level":"info","message":"API STARTED AT PORT 4040","timestamp":"2023-01-17T14:54:55.795Z"}
{"level":"info","message":"API STARTED AT PORT 4040","timestamp":"2023-01-17T14:55:00.601Z"}
{"level":"info","message":"API STARTED AT PORT 4040","timestamp":"2023-01-17T14:55:05.686Z"}
{"level":"info","message":"API STARTED AT PORT 4040","timestamp":"2023-01-17T14:55:10.154Z"}
{"level":"info","message":"API STARTED AT PORT 4040","timestamp":"2023-01-17T14:55:14.892Z"}
{"level":"info","message":"DB: [pila] connected with succes !","timestamp":"2023-01-17T14:55:16.075Z"}
{"level":"info","message":"API STARTED AT PORT 4040","timestamp":"2023-01-17T14:55:25.951Z"}
{"level":"info","message":"DB: [pila] connected with succes !","timestamp":"2023-01-17T14:55:27.000Z"}
{"level":"info","message":"API STARTED AT PORT 4040","timestamp":"2023-01-17T14:55:42.665Z"}
{"level":"info","message":"DB: [pila] connected with succes !","timestamp":"2023-01-17T14:55:43.753Z"}
{"level":"info","message":"API STARTED AT PORT 4040","timestamp":"2023-01-17T14:55:50.974Z"}
{"level":"info","message":"DB: [pila] connected with succes !","timestamp":"2023-01-17T14:55:52.215Z"}
{"level":"info","message":"API STARTED AT PORT 4040","timestamp":"2023-01-17T14:56:27.712Z"}
{"level":"info","message":"DB: [pila] connected with succes !","timestamp":"2023-01-17T14:56:28.810Z"}
{"level":"info","message":"API STARTED AT PORT 4040","timestamp":"2023-01-17T14:56:51.130Z"}
{"level":"info","message":"DB: [pila] connected with succes !","timestamp":"2023-01-17T14:56:52.201Z"}
{"level":"info","message":"API STARTED AT PORT 4040","timestamp":"2023-01-17T14:59:46.250Z"}
{"level":"info","message":"DB: [pila] connected with succes !","timestamp":"2023-01-17T14:59:47.298Z"}
{"level":"info","message":"API STARTED AT PORT 4040","timestamp":"2023-01-17T14:59:55.176Z"}
{"level":"info","message":"DB: [pila] connected with succes !","timestamp":"2023-01-17T14:59:56.191Z"}
{"level":"info","message":"API STARTED AT PORT 4040","timestamp":"2023-01-17T15:00:01.771Z"}
{"level":"info","message":"DB: [pila] connected with succes !","timestamp":"2023-01-17T15:00:02.761Z"}
{"level":"info","message":"API STARTED AT PORT 4040","timestamp":"2023-01-17T15:00:22.971Z"}
{"level":"info","message":"DB: [pila] connected with succes !","timestamp":"2023-01-17T15:00:23.962Z"}
{"level":"info","message":"API STARTED AT PORT 4040","timestamp":"2023-01-17T15:00:50.089Z"}
{"level":"info","message":"DB: [pila] connected with succes !","timestamp":"2023-01-17T15:00:51.285Z"}
{"level":"info","message":"API STARTED AT PORT 4040","timestamp":"2023-01-17T15:01:01.583Z"}
{"level":"info","message":"DB: [pila] connected with succes !","timestamp":"2023-01-17T15:01:02.640Z"}
{"level":"info","message":"API STARTED AT PORT 4040","timestamp":"2023-01-17T15:01:17.168Z"}
{"level":"info","message":"DB: [pila] connected with succes !","timestamp":"2023-01-17T15:01:18.203Z"}
{"level":"info","message":"API STARTED AT PORT 4040","timestamp":"2023-01-17T15:01:27.270Z"}
{"level":"info","message":"API STARTED AT PORT 4040","timestamp":"2023-01-17T15:01:36.954Z"}
{"level":"info","message":"DB: [pila] connected with succes !","timestamp":"2023-01-17T15:01:38.027Z"}
{"level":"info","message":"API STARTED AT PORT 4040","timestamp":"2023-01-17T15:01:54.657Z"}
{"level":"info","message":"DB: [pila] connected with succes !","timestamp":"2023-01-17T15:01:55.745Z"}
{"level":"info","message":"API STARTED AT PORT 4040","timestamp":"2023-01-17T15:04:50.451Z"}
{"level":"info","message":"DB: [pila] connected with succes !","timestamp":"2023-01-17T15:04:51.443Z"}
{"level":"info","message":"API STARTED AT PORT 4040","timestamp":"2023-01-17T15:05:00.065Z"}
{"level":"info","message":"DB: [pila] connected with succes !","timestamp":"2023-01-17T15:05:01.126Z"}
{"level":"info","message":"API STARTED AT PORT 4040","timestamp":"2023-01-17T15:05:24.858Z"}
{"level":"info","message":"DB: [pila] connected with succes !","timestamp":"2023-01-17T15:05:25.821Z"}
{"level":"info","message":"API STARTED AT PORT 4040","timestamp":"2023-01-17T15:05:37.153Z"}
{"level":"info","message":"API STARTED AT PORT 4040","timestamp":"2023-01-17T15:05:42.053Z"}
{"level":"info","message":"DB: [pila] connected with succes !","timestamp":"2023-01-17T15:05:43.066Z"}
{"level":"info","message":"API STARTED AT PORT 4040","timestamp":"2023-01-17T15:05:47.659Z"}
{"level":"info","message":"DB: [pila] connected with succes !","timestamp":"2023-01-17T15:05:48.641Z"}
{"level":"info","message":"API STARTED AT PORT 4040","timestamp":"2023-01-17T15:06:22.905Z"}
{"level":"info","message":"DB: [pila] connected with succes !","timestamp":"2023-01-17T15:06:23.915Z"}
{"level":"info","message":"API STARTED AT PORT 4040","timestamp":"2023-01-17T15:10:39.147Z"}
{"level":"info","message":"DB: [pila] connected with succes !","timestamp":"2023-01-17T15:10:40.194Z"}
{"level":"error","message":"couldn't create the board Error: User not found","timestamp":"2023-01-17T15:10:41.398Z"}
{"level":"info","message":"API STARTED AT PORT 4040","timestamp":"2023-01-17T15:12:37.537Z"}
{"level":"info","message":"DB: [pila] connected with succes !","timestamp":"2023-01-17T15:12:38.529Z"}
{"level":"info","message":"API STARTED AT PORT 4040","timestamp":"2023-01-17T15:16:39.215Z"}
{"level":"info","message":"DB: [pila] connected with succes !","timestamp":"2023-01-17T15:16:40.258Z"}
{"level":"info","message":"API STARTED AT PORT 4040","timestamp":"2023-01-17T15:16:47.405Z"}
{"level":"info","message":"DB: [pila] connected with succes !","timestamp":"2023-01-17T15:16:48.473Z"}
{"level":"info","message":"API STARTED AT PORT 4040","timestamp":"2023-01-17T15:16:59.915Z"}
{"level":"info","message":"DB: [pila] connected with succes !","timestamp":"2023-01-17T15:17:00.928Z"}
{"level":"info","message":"API STARTED AT PORT 4040","timestamp":"2023-01-17T15:17:13.060Z"}
{"level":"info","message":"DB: [pila] connected with succes !","timestamp":"2023-01-17T15:17:14.121Z"}
{"level":"info","message":"API STARTED AT PORT 4040","timestamp":"2023-01-17T15:18:41.500Z"}
{"level":"info","message":"DB: [pila] connected with succes !","timestamp":"2023-01-17T15:18:47.597Z"}
{"level":"info","message":"API STARTED AT PORT 4040","timestamp":"2023-01-17T15:19:25.194Z"}
{"level":"info","message":"DB: [pila] connected with succes !","timestamp":"2023-01-17T15:19:26.229Z"}
{"level":"info","message":"API STARTED AT PORT 4040","timestamp":"2023-01-17T15:20:12.274Z"}
{"level":"info","message":"DB: [pila] connected with succes !","timestamp":"2023-01-17T15:20:13.322Z"}
{"level":"info","message":"API STARTED AT PORT 4040","timestamp":"2023-01-17T15:21:33.969Z"}
{"level":"info","message":"DB: [pila] connected with succes !","timestamp":"2023-01-17T15:21:35.045Z"}
{"level":"info","message":"API STARTED AT PORT 4040","timestamp":"2023-01-17T15:23:31.338Z"}
{"level":"info","message":"API STARTED AT PORT 4040","timestamp":"2023-01-17T15:23:39.827Z"}
{"level":"info","message":"DB: [pila] connected with succes !","timestamp":"2023-01-17T15:23:40.842Z"}
{"level":"info","message":"API STARTED AT PORT 4040","timestamp":"2023-01-17T15:24:55.895Z"}
{"level":"info","message":"DB: [pila] connected with succes !","timestamp":"2023-01-17T15:24:56.873Z"}
{"level":"info","message":"API STARTED AT PORT 4040","timestamp":"2023-01-17T15:25:14.462Z"}
{"level":"info","message":"DB: [pila] connected with succes !","timestamp":"2023-01-17T15:25:15.451Z"}
{"level":"info","message":"API STARTED AT PORT 4040","timestamp":"2023-01-17T15:25:19.848Z"}
{"level":"info","message":"DB: [pila] connected with succes !","timestamp":"2023-01-17T15:25:20.861Z"}
{"level":"info","message":"API STARTED AT PORT 4040","timestamp":"2023-01-17T15:25:42.216Z"}
{"level":"info","message":"DB: [pila] connected with succes !","timestamp":"2023-01-17T15:25:43.206Z"}
{"level":"info","message":"API STARTED AT PORT 4040","timestamp":"2023-01-17T15:25:49.966Z"}
{"level":"info","message":"DB: [pila] connected with succes !","timestamp":"2023-01-17T15:25:50.924Z"}
{"level":"info","message":"API STARTED AT PORT 4040","timestamp":"2023-01-17T15:26:04.461Z"}
{"level":"info","message":"DB: [pila] connected with succes !","timestamp":"2023-01-17T15:26:05.474Z"}
{"level":"info","message":"API STARTED AT PORT 4040","timestamp":"2023-01-17T15:28:02.049Z"}
{"level":"info","message":"API STARTED AT PORT 4040","timestamp":"2023-01-17T15:28:13.908Z"}
{"level":"info","message":"DB: [pila] connected with succes !","timestamp":"2023-01-17T15:28:14.933Z"}
{"level":"info","message":"API STARTED AT PORT 4040","timestamp":"2023-01-17T15:28:37.286Z"}
{"level":"info","message":"DB: [pila] connected with succes !","timestamp":"2023-01-17T15:28:38.307Z"}
{"level":"info","message":"API STARTED AT PORT 4040","timestamp":"2023-01-17T15:28:44.814Z"}
{"level":"info","message":"API STARTED AT PORT 4040","timestamp":"2023-01-17T15:28:49.573Z"}
{"level":"info","message":"DB: [pila] connected with succes !","timestamp":"2023-01-17T15:28:50.590Z"}
{"level":"info","message":"API STARTED AT PORT 4040","timestamp":"2023-01-17T15:29:05.052Z"}
{"level":"info","message":"DB: [pila] connected with succes !","timestamp":"2023-01-17T15:29:06.119Z"}
{"level":"info","message":"API STARTED AT PORT 4040","timestamp":"2023-01-17T15:29:28.885Z"}
{"level":"info","message":"DB: [pila] connected with succes !","timestamp":"2023-01-17T15:29:29.904Z"}
{"level":"info","message":"API STARTED AT PORT 4040","timestamp":"2023-01-17T15:29:47.050Z"}
{"level":"info","message":"DB: [pila] connected with succes !","timestamp":"2023-01-17T15:29:48.066Z"}
{"level":"info","message":"API STARTED AT PORT 4040","timestamp":"2023-01-17T15:31:12.200Z"}
{"level":"info","message":"DB: [pila] connected with succes !","timestamp":"2023-01-17T15:31:13.289Z"}
{"level":"info","message":"API STARTED AT PORT 4040","timestamp":"2023-01-17T15:31:19.897Z"}
{"level":"info","message":"DB: [pila] connected with succes !","timestamp":"2023-01-17T15:31:20.915Z"}
{"level":"info","message":"API STARTED AT PORT 4040","timestamp":"2023-01-17T15:31:30.374Z"}
{"level":"info","message":"DB: [pila] connected with succes !","timestamp":"2023-01-17T15:31:31.448Z"}
{"level":"info","message":"API STARTED AT PORT 4040","timestamp":"2023-01-17T15:31:49.378Z"}
{"level":"info","message":"DB: [pila] connected with succes !","timestamp":"2023-01-17T15:31:50.402Z"}
{"level":"info","message":"API STARTED AT PORT 4040","timestamp":"2023-01-17T15:32:02.819Z"}
{"level":"info","message":"DB: [pila] connected with succes !","timestamp":"2023-01-17T15:32:03.789Z"}
{"level":"info","message":"API STARTED AT PORT 4040","timestamp":"2023-01-17T15:32:44.401Z"}
{"level":"info","message":"DB: [pila] connected with succes !","timestamp":"2023-01-17T15:32:45.397Z"}
{"level":"info","message":"API STARTED AT PORT 4040","timestamp":"2023-01-17T15:34:37.477Z"}
{"level":"info","message":"DB: [pila] connected with succes !","timestamp":"2023-01-17T15:34:38.522Z"}
{"level":"info","message":"API STARTED AT PORT 4040","timestamp":"2023-01-17T15:34:45.564Z"}
{"level":"info","message":"DB: [pila] connected with succes !","timestamp":"2023-01-17T15:34:46.527Z"}
{"level":"info","message":"API STARTED AT PORT 4040","timestamp":"2023-01-17T15:35:11.663Z"}
{"level":"info","message":"DB: [pila] connected with succes !","timestamp":"2023-01-17T15:35:12.703Z"}
{"level":"info","message":"API STARTED AT PORT 4040","timestamp":"2023-01-17T15:48:56.508Z"}
{"level":"info","message":"DB: [pila] connected with succes !","timestamp":"2023-01-17T15:48:57.537Z"}
{"level":"info","message":"API STARTED AT PORT 4040","timestamp":"2023-01-17T15:49:31.073Z"}
{"level":"info","message":"DB: [pila] connected with succes !","timestamp":"2023-01-17T15:49:32.114Z"}
{"level":"info","message":"API STARTED AT PORT 4040","timestamp":"2023-01-17T15:49:45.009Z"}
{"level":"info","message":"DB: [pila] connected with succes !","timestamp":"2023-01-17T15:49:45.972Z"}
{"level":"info","message":"API STARTED AT PORT 4040","timestamp":"2023-01-17T15:50:08.471Z"}
{"level":"info","message":"DB: [pila] connected with succes !","timestamp":"2023-01-17T15:50:09.494Z"}
{"level":"info","message":"API STARTED AT PORT 4040","timestamp":"2023-01-17T15:50:42.325Z"}
{"level":"info","message":"DB: [pila] connected with succes !","timestamp":"2023-01-17T15:50:43.327Z"}
{"level":"info","message":"API STARTED AT PORT 4040","timestamp":"2023-01-17T15:50:48.741Z"}
{"level":"info","message":"DB: [pila] connected with succes !","timestamp":"2023-01-17T15:50:49.793Z"}
{"level":"info","message":"API STARTED AT PORT 4040","timestamp":"2023-01-17T15:51:00.115Z"}
{"level":"info","message":"DB: [pila] connected with succes !","timestamp":"2023-01-17T15:51:01.099Z"}
{"level":"info","message":"API STARTED AT PORT 4040","timestamp":"2023-01-17T15:59:15.453Z"}
{"level":"info","message":"DB: [pila] connected with succes !","timestamp":"2023-01-17T15:59:20.469Z"}
{"level":"info","message":"API STARTED AT PORT 4040","timestamp":"2023-01-17T16:00:10.177Z"}
{"level":"info","message":"DB: [pila] connected with succes !","timestamp":"2023-01-17T16:00:11.176Z"}
{"level":"error","message":"couldn't create the board Error: User not found","timestamp":"2023-01-17T16:00:34.618Z"}
{"level":"info","message":"API STARTED AT PORT 4040","timestamp":"2023-01-17T16:03:41.512Z"}
{"level":"info","message":"DB: [pila] connected with succes !","timestamp":"2023-01-17T16:03:42.537Z"}
{"level":"info","message":"API STARTED AT PORT 4040","timestamp":"2023-01-17T16:04:15.051Z"}
{"level":"info","message":"DB: [pila] connected with succes !","timestamp":"2023-01-17T16:04:16.021Z"}
{"level":"info","message":"API STARTED AT PORT 4040","timestamp":"2023-01-17T16:04:58.712Z"}
{"level":"info","message":"DB: [pila] connected with succes !","timestamp":"2023-01-17T16:05:00.408Z"}
{"level":"info","message":"API STARTED AT PORT 4040","timestamp":"2023-01-17T16:08:04.686Z"}
{"level":"error","message":"couldn't create the board MongooseError: Operation `users.findOne()` buffering timed out after 10000ms","timestamp":"2023-01-17T16:08:15.661Z"}
{"level":"info","message":"DB: [pila] connected with succes !","timestamp":"2023-01-17T16:08:20.807Z"}
{"level":"error","message":"couldn't create the board Error: User not found","timestamp":"2023-01-17T16:08:21.130Z"}
{"level":"info","message":"API STARTED AT PORT 4040","timestamp":"2023-01-17T16:08:25.842Z"}
{"level":"info","message":"DB: [pila] connected with succes !","timestamp":"2023-01-17T16:08:26.830Z"}
{"level":"error","message":"couldn't create the board Error: User not found","timestamp":"2023-01-17T16:08:30.628Z"}
{"level":"error","message":"couldn't create the board Error: User not found","timestamp":"2023-01-17T16:08:42.277Z"}
{"level":"info","message":"API STARTED AT PORT 4040","timestamp":"2023-01-18T11:59:55.615Z"}
{"level":"info","message":"DB: [pila] connected with succes !","timestamp":"2023-01-18T12:00:01.697Z"}
{"level":"info","message":"API STARTED AT PORT 4040","timestamp":"2023-01-18T12:02:29.723Z"}
{"level":"info","message":"DB: [pila] connected with succes !","timestamp":"2023-01-18T12:02:30.744Z"}
{"level":"info","message":"API STARTED AT PORT 4040","timestamp":"2023-01-18T12:03:06.105Z"}
{"level":"info","message":"DB: [pila] connected with succes !","timestamp":"2023-01-18T12:03:07.062Z"}
{"level":"info","message":"API STARTED AT PORT 4040","timestamp":"2023-01-18T12:10:26.887Z"}
{"level":"info","message":"API STARTED AT PORT 4040","timestamp":"2023-01-18T12:12:09.299Z"}
{"level":"info","message":"DB: [pila] connected with succes !","timestamp":"2023-01-18T12:12:10.304Z"}
{"level":"info","message":"API STARTED AT PORT 4040","timestamp":"2023-01-18T12:12:45.958Z"}
{"level":"info","message":"DB: [pila] connected with succes !","timestamp":"2023-01-18T12:12:46.945Z"}
{"level":"info","message":"API STARTED AT PORT 4040","timestamp":"2023-01-18T12:16:25.735Z"}
{"level":"info","message":"DB: [pila] connected with succes !","timestamp":"2023-01-18T12:16:26.757Z"}
{"level":"info","message":"API STARTED AT PORT 4040","timestamp":"2023-01-18T12:16:39.998Z"}
{"level":"info","message":"DB: [pila] connected with succes !","timestamp":"2023-01-18T12:16:40.992Z"}
{"level":"info","message":"API STARTED AT PORT 4040","timestamp":"2023-01-18T12:21:54.753Z"}
{"level":"info","message":"API STARTED AT PORT 4040","timestamp":"2023-01-18T12:22:05.788Z"}
{"level":"info","message":"DB: [pila] connected with succes !","timestamp":"2023-01-18T12:22:06.847Z"}
{"level":"info","message":"API STARTED AT PORT 4040","timestamp":"2023-01-18T12:22:14.505Z"}
{"level":"info","message":"API STARTED AT PORT 4040","timestamp":"2023-01-18T12:22:26.457Z"}
{"level":"info","message":"DB: [pila] connected with succes !","timestamp":"2023-01-18T12:22:27.477Z"}
{"level":"info","message":"API STARTED AT PORT 4040","timestamp":"2023-01-18T12:22:33.800Z"}
{"level":"info","message":"DB: [pila] connected with succes !","timestamp":"2023-01-18T12:22:34.803Z"}
{"level":"info","message":"API STARTED AT PORT 4040","timestamp":"2023-01-18T12:22:54.349Z"}
{"level":"info","message":"DB: [pila] connected with succes !","timestamp":"2023-01-18T12:22:55.357Z"}
{"level":"info","message":"API STARTED AT PORT 4040","timestamp":"2023-01-18T12:24:46.894Z"}
{"level":"info","message":"DB: [pila] connected with succes !","timestamp":"2023-01-18T12:24:47.926Z"}
{"level":"info","message":"API STARTED AT PORT 4040","timestamp":"2023-01-18T12:25:58.039Z"}
{"level":"info","message":"DB: [pila] connected with succes !","timestamp":"2023-01-18T12:25:59.070Z"}
{"level":"info","message":"API STARTED AT PORT 4040","timestamp":"2023-01-18T12:28:03.369Z"}
{"level":"info","message":"DB: [pila] connected with succes !","timestamp":"2023-01-18T12:28:08.512Z"}
{"level":"info","message":"API STARTED AT PORT 4040","timestamp":"2023-01-18T12:28:13.184Z"}
{"level":"info","message":"DB: [pila] connected with succes !","timestamp":"2023-01-18T12:28:14.189Z"}
{"level":"info","message":"API STARTED AT PORT 4040","timestamp":"2023-01-18T12:28:58.636Z"}
{"level":"info","message":"DB: [pila] connected with succes !","timestamp":"2023-01-18T12:28:59.644Z"}
{"level":"info","message":"API STARTED AT PORT 4040","timestamp":"2023-01-18T12:30:24.495Z"}
{"level":"info","message":"DB: [pila] connected with succes !","timestamp":"2023-01-18T12:30:25.528Z"}
{"level":"info","message":"API STARTED AT PORT 4040","timestamp":"2023-01-18T12:30:44.145Z"}
{"level":"info","message":"DB: [pila] connected with succes !","timestamp":"2023-01-18T12:30:45.150Z"}
{"level":"info","message":"API STARTED AT PORT 4040","timestamp":"2023-01-18T12:30:54.425Z"}
{"level":"info","message":"DB: [pila] connected with succes !","timestamp":"2023-01-18T12:30:55.427Z"}
{"level":"info","message":"API STARTED AT PORT 4040","timestamp":"2023-01-18T12:31:22.838Z"}
{"level":"info","message":"DB: [pila] connected with succes !","timestamp":"2023-01-18T12:31:23.824Z"}
{"level":"info","message":"API STARTED AT PORT 4040","timestamp":"2023-01-18T12:31:30.820Z"}
{"level":"info","message":"DB: [pila] connected with succes !","timestamp":"2023-01-18T12:31:31.848Z"}
{"level":"info","message":"API STARTED AT PORT 4040","timestamp":"2023-01-18T12:31:52.257Z"}
{"level":"info","message":"DB: [pila] connected with succes !","timestamp":"2023-01-18T12:31:53.283Z"}
{"level":"info","message":"API STARTED AT PORT 4040","timestamp":"2023-01-18T12:32:17.125Z"}
{"level":"info","message":"DB: [pila] connected with succes !","timestamp":"2023-01-18T12:32:18.151Z"}
{"level":"info","message":"API STARTED AT PORT 4040","timestamp":"2023-01-18T12:34:02.205Z"}
{"level":"info","message":"DB: [pila] connected with succes !","timestamp":"2023-01-18T12:34:12.332Z"}
{"level":"info","message":"API STARTED AT PORT 4040","timestamp":"2023-01-18T12:38:33.466Z"}
{"level":"info","message":"DB: [pila] connected with succes !","timestamp":"2023-01-18T12:38:34.457Z"}
{"level":"info","message":"API STARTED AT PORT 4040","timestamp":"2023-01-18T12:59:21.828Z"}
{"level":"info","message":"DB: [pila] connected with succes !","timestamp":"2023-01-18T12:59:25.870Z"}
{"level":"info","message":"API STARTED AT PORT 4040","timestamp":"2023-01-18T13:44:48.681Z"}
{"level":"info","message":"DB: [pila] connected with succes !","timestamp":"2023-01-18T13:44:56.492Z"}
{"level":"info","message":"API STARTED AT PORT 4040","timestamp":"2023-01-18T13:46:06.337Z"}
{"level":"info","message":"DB: [pila] connected with succes !","timestamp":"2023-01-18T13:46:08.671Z"}
{"level":"info","message":"API STARTED AT PORT 4040","timestamp":"2023-01-18T13:46:41.086Z"}
{"level":"info","message":"DB: [pila] connected with succes !","timestamp":"2023-01-18T13:46:43.296Z"}
{"level":"info","message":"API STARTED AT PORT 4040","timestamp":"2023-01-18T13:47:00.268Z"}
{"level":"info","message":"DB: [pila] connected with succes !","timestamp":"2023-01-18T13:47:02.860Z"}
{"level":"info","message":"API STARTED AT PORT 4040","timestamp":"2023-01-18T13:48:21.903Z"}
{"level":"info","message":"DB: [pila] connected with succes !","timestamp":"2023-01-18T13:48:24.213Z"}
{"level":"info","message":"API STARTED AT PORT 4040","timestamp":"2023-01-18T13:48:37.436Z"}
{"level":"info","message":"DB: [pila] connected with succes !","timestamp":"2023-01-18T13:48:39.937Z"}
{"level":"info","message":"API STARTED AT PORT 4040","timestamp":"2023-01-18T13:48:57.463Z"}
{"level":"info","message":"DB: [pila] connected with succes !","timestamp":"2023-01-18T13:49:00.100Z"}
{"level":"info","message":"API STARTED AT PORT 4040","timestamp":"2023-01-18T13:50:10.698Z"}
{"level":"info","message":"DB: [pila] connected with succes !","timestamp":"2023-01-18T13:50:13.715Z"}
{"level":"info","message":"API STARTED AT PORT 4040","timestamp":"2023-01-18T13:50:22.116Z"}
{"level":"info","message":"DB: [pila] connected with succes !","timestamp":"2023-01-18T13:50:24.346Z"}
{"level":"info","message":"API STARTED AT PORT 4040","timestamp":"2023-01-18T13:50:36.463Z"}
{"level":"info","message":"DB: [pila] connected with succes !","timestamp":"2023-01-18T13:50:39.251Z"}
{"level":"info","message":"API STARTED AT PORT 4040","timestamp":"2023-01-18T13:50:45.015Z"}
{"level":"info","message":"DB: [pila] connected with succes !","timestamp":"2023-01-18T13:50:47.423Z"}
{"level":"info","message":"API STARTED AT PORT 4040","timestamp":"2023-01-18T13:50:54.721Z"}
{"level":"info","message":"DB: [pila] connected with succes !","timestamp":"2023-01-18T13:50:56.953Z"}
{"level":"info","message":"API STARTED AT PORT 4040","timestamp":"2023-01-18T13:51:04.388Z"}
{"level":"info","message":"DB: [pila] connected with succes !","timestamp":"2023-01-18T13:51:07.171Z"}
{"level":"info","message":"API STARTED AT PORT 4040","timestamp":"2023-01-18T14:02:14.146Z"}
{"level":"info","message":"DB: [pila] connected with succes !","timestamp":"2023-01-18T14:02:17.043Z"}
{"level":"info","message":"API STARTED AT PORT 4040","timestamp":"2023-01-18T14:04:09.001Z"}
{"level":"info","message":"DB: [pila] connected with succes !","timestamp":"2023-01-18T14:04:16.879Z"}
{"level":"info","message":"API STARTED AT PORT 4040","timestamp":"2023-01-18T14:04:24.104Z"}
{"level":"info","message":"DB: [pila] connected with succes !","timestamp":"2023-01-18T14:04:26.870Z"}
{"level":"info","message":"API STARTED AT PORT 4040","timestamp":"2023-01-18T14:06:55.359Z"}
{"level":"info","message":"DB: [pila] connected with succes !","timestamp":"2023-01-18T14:06:57.519Z"}
{"level":"info","message":"API STARTED AT PORT 4040","timestamp":"2023-01-18T14:09:28.427Z"}
{"level":"info","message":"DB: [pila] connected with succes !","timestamp":"2023-01-18T14:09:31.411Z"}
{"level":"info","message":"API STARTED AT PORT 4040","timestamp":"2023-01-18T14:09:44.684Z"}
{"level":"info","message":"DB: [pila] connected with succes !","timestamp":"2023-01-18T14:09:46.853Z"}
{"level":"info","message":"API STARTED AT PORT 4040","timestamp":"2023-01-18T14:10:01.694Z"}
{"level":"info","message":"DB: [pila] connected with succes !","timestamp":"2023-01-18T14:10:04.704Z"}
{"level":"info","message":"API STARTED AT PORT 4040","timestamp":"2023-01-18T14:10:36.512Z"}
{"level":"info","message":"DB: [pila] connected with succes !","timestamp":"2023-01-18T14:10:39.407Z"}
{"level":"info","message":"API STARTED AT PORT 4040","timestamp":"2023-01-18T14:11:07.421Z"}
{"level":"info","message":"DB: [pila] connected with succes !","timestamp":"2023-01-18T14:11:12.999Z"}
{"level":"info","message":"API STARTED AT PORT 4040","timestamp":"2023-01-18T14:13:10.480Z"}
{"level":"info","message":"DB: [pila] connected with succes !","timestamp":"2023-01-18T14:13:11.727Z"}
{"level":"info","message":"API STARTED AT PORT 4040","timestamp":"2023-01-18T14:13:20.880Z"}
{"level":"info","message":"DB: [pila] connected with succes !","timestamp":"2023-01-18T14:13:22.007Z"}
{"level":"info","message":"API STARTED AT PORT 4040","timestamp":"2023-01-18T15:03:16.356Z"}
{"level":"info","message":"DB: [pila] connected with succes !","timestamp":"2023-01-18T15:03:45.738Z"}
{"level":"error","message":"couldn't create the board Error: Invalid data","timestamp":"2023-01-18T15:06:00.606Z"}
{"level":"info","message":"API STARTED AT PORT 4040","timestamp":"2023-01-18T15:06:16.144Z"}
{"level":"error","message":"couldn't create the board Error: Invalid data","timestamp":"2023-01-18T15:06:17.605Z"}
{"level":"info","message":"DB: [pila] connected with succes !","timestamp":"2023-01-18T15:06:18.564Z"}
{"level":"error","message":"couldn't create the board Error: Invalid data","timestamp":"2023-01-18T15:06:22.331Z"}
{"level":"info","message":"API STARTED AT PORT 4040","timestamp":"2023-01-18T15:06:38.069Z"}
{"level":"info","message":"DB: [pila] connected with succes !","timestamp":"2023-01-18T15:06:40.468Z"}
{"level":"error","message":"couldn't update the board Error: Invalid data","timestamp":"2023-01-18T15:07:02.411Z"}
{"level":"error","message":"couldn't update the board Error: Invalid data","timestamp":"2023-01-18T15:07:20.689Z"}
{"level":"error","message":"couldn't update the board Error: Invalid data","timestamp":"2023-01-18T15:07:43.208Z"}
{"level":"error","message":"couldn't update the board Error: Invalid data","timestamp":"2023-01-18T15:07:46.706Z"}
{"level":"info","message":"API STARTED AT PORT 4040","timestamp":"2023-01-18T15:08:19.616Z"}
{"level":"info","message":"DB: [pila] connected with succes !","timestamp":"2023-01-18T15:08:21.765Z"}
{"level":"error","message":"couldn't update the board Error: \"title\" is required","timestamp":"2023-01-18T15:08:22.154Z"}
{"level":"info","message":"API STARTED AT PORT 4040","timestamp":"2023-01-18T15:08:39.050Z"}
{"level":"info","message":"DB: [pila] connected with succes !","timestamp":"2023-01-18T15:08:41.313Z"}
{"level":"info","message":"API STARTED AT PORT 4040","timestamp":"2023-01-18T15:09:09.862Z"}
{"level":"info","message":"DB: [pila] connected with succes !","timestamp":"2023-01-18T15:09:12.123Z"}
{"level":"info","message":"API STARTED AT PORT 4040","timestamp":"2023-01-18T15:09:25.817Z"}
{"level":"info","message":"DB: [pila] connected with succes !","timestamp":"2023-01-18T15:09:28.452Z"}
{"level":"info","message":"API STARTED AT PORT 4040","timestamp":"2023-01-18T15:11:38.524Z"}
{"level":"info","message":"DB: [pila] connected with succes !","timestamp":"2023-01-18T15:11:40.904Z"}
{"level":"error","message":"couldn't update the board Error: Cant update the board","timestamp":"2023-01-18T15:11:44.066Z"}
{"level":"info","message":"API STARTED AT PORT 4040","timestamp":"2023-01-18T15:11:54.598Z"}
{"level":"info","message":"DB: [pila] connected with succes !","timestamp":"2023-01-18T15:11:57.021Z"}
{"level":"error","message":"couldn't update the board Error: Cant update the board","timestamp":"2023-01-18T15:11:58.758Z"}
{"level":"info","message":"API STARTED AT PORT 4040","timestamp":"2023-01-18T15:12:09.115Z"}
{"level":"info","message":"DB: [pila] connected with succes !","timestamp":"2023-01-18T15:12:12.922Z"}
{"level":"info","message":"API STARTED AT PORT 4040","timestamp":"2023-01-18T15:12:24.524Z"}
{"level":"info","message":"DB: [pila] connected with succes !","timestamp":"2023-01-18T15:12:28.354Z"}
{"level":"info","message":"API STARTED AT PORT 4040","timestamp":"2023-01-18T15:13:08.026Z"}
{"level":"info","message":"API STARTED AT PORT 4040","timestamp":"2023-01-18T15:13:18.610Z"}
{"level":"info","message":"DB: [pila] connected with succes !","timestamp":"2023-01-18T15:13:21.099Z"}
{"level":"info","message":"API STARTED AT PORT 4040","timestamp":"2023-01-18T15:13:29.266Z"}
{"level":"info","message":"API STARTED AT PORT 4040","timestamp":"2023-01-18T15:13:36.063Z"}
{"level":"info","message":"DB: [pila] connected with succes !","timestamp":"2023-01-18T15:13:38.554Z"}
{"level":"info","message":"API STARTED AT PORT 4040","timestamp":"2023-01-18T15:14:25.197Z"}
{"level":"info","message":"DB: [pila] connected with succes !","timestamp":"2023-01-18T15:14:27.499Z"}
{"level":"info","message":"API STARTED AT PORT 4040","timestamp":"2023-01-18T15:15:04.687Z"}
{"level":"info","message":"DB: [pila] connected with succes !","timestamp":"2023-01-18T15:15:07.422Z"}
{"level":"info","message":"API STARTED AT PORT 4040","timestamp":"2023-01-18T15:15:18.632Z"}
{"level":"info","message":"DB: [pila] connected with succes !","timestamp":"2023-01-18T15:15:21.228Z"}
{"level":"error","message":"couldn't update the board Error: Cant update the board","timestamp":"2023-01-18T15:15:31.127Z"}
{"level":"info","message":"API STARTED AT PORT 4040","timestamp":"2023-01-18T15:15:43.594Z"}
{"level":"info","message":"DB: [pila] connected with succes !","timestamp":"2023-01-18T15:15:45.662Z"}
{"level":"info","message":"API STARTED AT PORT 4040","timestamp":"2023-01-18T15:15:51.342Z"}
{"level":"info","message":"DB: [pila] connected with succes !","timestamp":"2023-01-18T15:15:53.767Z"}
{"level":"info","message":"API STARTED AT PORT 4040","timestamp":"2023-01-18T15:16:38.372Z"}
{"level":"info","message":"DB: [pila] connected with succes !","timestamp":"2023-01-18T15:16:40.771Z"}
{"level":"info","message":"API STARTED AT PORT 4040","timestamp":"2023-01-18T15:17:16.381Z"}
{"level":"info","message":"DB: [pila] connected with succes !","timestamp":"2023-01-18T15:17:18.827Z"}
{"level":"info","message":"API STARTED AT PORT 4040","timestamp":"2023-01-18T15:17:47.373Z"}
{"level":"info","message":"DB: [pila] connected with succes !","timestamp":"2023-01-18T15:17:49.251Z"}
{"level":"info","message":"API STARTED AT PORT 4040","timestamp":"2023-01-18T15:18:14.962Z"}
{"level":"info","message":"DB: [pila] connected with succes !","timestamp":"2023-01-18T15:18:17.172Z"}
{"level":"info","message":"API STARTED AT PORT 4040","timestamp":"2023-01-18T15:33:40.676Z"}
{"level":"info","message":"DB: [pila] connected with succes !","timestamp":"2023-01-18T15:33:48.106Z"}
{"level":"info","message":"API STARTED AT PORT 4040","timestamp":"2023-01-18T15:33:54.938Z"}
{"level":"info","message":"DB: [pila] connected with succes !","timestamp":"2023-01-18T15:33:57.671Z"}
{"level":"info","message":"API STARTED AT PORT 4040","timestamp":"2023-01-18T15:36:01.103Z"}
{"level":"info","message":"DB: [pila] connected with succes !","timestamp":"2023-01-18T15:36:03.740Z"}
{"level":"info","message":"API STARTED AT PORT 4040","timestamp":"2023-01-18T15:36:20.348Z"}
{"level":"info","message":"DB: [pila] connected with succes !","timestamp":"2023-01-18T15:36:22.431Z"}
{"level":"info","message":"API STARTED AT PORT 4040","timestamp":"2023-01-18T17:22:27.236Z"}
{"level":"info","message":"DB: [pila] connected with succes !","timestamp":"2023-01-18T17:22:33.300Z"}
{"level":"info","message":"API STARTED AT PORT 4040","timestamp":"2023-01-19T10:37:05.770Z"}
{"level":"info","message":"DB: [pila] connected with succes !","timestamp":"2023-01-19T10:37:06.744Z"}
{"level":"info","message":"API STARTED AT PORT 4040","timestamp":"2023-01-19T10:38:34.614Z"}
{"level":"info","message":"DB: [pila] connected with succes !","timestamp":"2023-01-19T10:38:35.652Z"}
{"level":"info","message":"API STARTED AT PORT 4040","timestamp":"2023-01-19T10:38:48.177Z"}
{"level":"info","message":"DB: [pila] connected with succes !","timestamp":"2023-01-19T10:38:49.178Z"}
{"level":"info","message":"API STARTED AT PORT 4040","timestamp":"2023-01-19T10:40:39.557Z"}
{"level":"info","message":"DB: [pila] connected with succes !","timestamp":"2023-01-19T10:40:40.548Z"}
{"level":"info","message":"API STARTED AT PORT 4040","timestamp":"2023-01-19T10:40:59.986Z"}
{"level":"info","message":"DB: [pila] connected with succes !","timestamp":"2023-01-19T10:41:01.045Z"}
{"level":"info","message":"API STARTED AT PORT 4040","timestamp":"2023-01-19T12:47:15.394Z"}
{"level":"info","message":"DB: [pila] connected with succes !","timestamp":"2023-01-19T12:47:20.467Z"}
{"level":"info","message":"API STARTED AT PORT 4040","timestamp":"2023-01-19T13:06:36.187Z"}
{"level":"info","message":"API STARTED AT PORT 4040","timestamp":"2023-01-19T13:06:41.083Z"}
{"level":"info","message":"DB: [pila] connected with succes !","timestamp":"2023-01-19T13:06:42.056Z"}
{"level":"info","message":"API STARTED AT PORT 4040","timestamp":"2023-01-19T13:15:26.411Z"}
{"level":"info","message":"DB: [pila] connected with succes !","timestamp":"2023-01-19T13:15:27.583Z"}
